0 info it worked if it ends with ok
1 verbose cli [ '/Users/jima/.nodebrew/node/v4.2.2/bin/node',
1 verbose cli   '/Users/jima/.nodebrew/current/bin/npm',
1 verbose cli   'run',
1 verbose cli   'start' ]
2 info using npm@3.4.0
3 info using node@v4.2.2
4 verbose run-script [ 'prestart', 'start', 'poststart' ]
5 info lifecycle chat@0.0.1~prestart: chat@0.0.1
6 silly lifecycle chat@0.0.1~prestart: no script for prestart, continuing
7 info lifecycle chat@0.0.1~start: chat@0.0.1
8 verbose lifecycle chat@0.0.1~start: unsafe-perm in lifecycle true
9 verbose lifecycle chat@0.0.1~start: PATH: /Users/jima/.nodebrew/node/v4.2.2/lib/node_modules/npm/bin/node-gyp-bin:/Users/jima/work2/chat/iot-server/node_modules/.bin:/usr/local/Cellar/python3/3.5.0/bin:/Users/jima/go/third-party/bin:/Users/jima/go/my-project/bin:/Users/jima/gort_0.3.0_darwin_amd64:/Users/jima/.nodebrew/current/bin:/Users/jima/mutually_file_exchage:/Users/jima/droplets/utility_tool:/Users/jima/work/digital_ocean/src_github/mutually_file_exchage:/Users/jima/.composer/vendor/bin:/usr/local/opt/gnu-sed/libexec/gnubin:/Users/jima/work/droplets/utility_tool:/Users/jima/.rbenv/shims:/Users/jima/.nodebrew/current/bin:/usr/local/mysql/bin:/usr/local/heroku/bin:./vendor/bin:/Users/jima/.rbenv/bin:~/local/bin/icdiff:/Users/jima/myshell1:/Users/jima/myshell:/Users/jima/packer:/usr/local/bin:/usr/local/share/python:/usr/local/bin:/usr/bin:/bin:/usr/sbin:/sbin:/usr/local/sbin
10 verbose lifecycle chat@0.0.1~start: CWD: /Users/jima/work2/chat/iot-server
11 silly lifecycle chat@0.0.1~start: Args: [ '-c', 'node src/bin.js' ]
12 silly lifecycle chat@0.0.1~start: Returned: code: 1  signal: null
13 info lifecycle chat@0.0.1~start: Failed to exec start script
14 verbose stack Error: chat@0.0.1 start: `node src/bin.js`
14 verbose stack Exit status 1
14 verbose stack     at EventEmitter.<anonymous> (/Users/jima/.nodebrew/node/v4.2.2/lib/node_modules/npm/lib/utils/lifecycle.js:232:16)
14 verbose stack     at emitTwo (events.js:87:13)
14 verbose stack     at EventEmitter.emit (events.js:172:7)
14 verbose stack     at ChildProcess.<anonymous> (/Users/jima/.nodebrew/node/v4.2.2/lib/node_modules/npm/lib/utils/spawn.js:24:14)
14 verbose stack     at emitTwo (events.js:87:13)
14 verbose stack     at ChildProcess.emit (events.js:172:7)
14 verbose stack     at maybeClose (internal/child_process.js:818:16)
14 verbose stack     at Process.ChildProcess._handle.onexit (internal/child_process.js:211:5)
15 verbose pkgid chat@0.0.1
16 verbose cwd /Users/jima/work2/chat/iot-server/src
17 error Darwin 14.5.0
18 error argv "/Users/jima/.nodebrew/node/v4.2.2/bin/node" "/Users/jima/.nodebrew/current/bin/npm" "run" "start"
19 error node v4.2.2
20 error npm  v3.4.0
21 error code ELIFECYCLE
22 error chat@0.0.1 start: `node src/bin.js`
22 error Exit status 1
23 error Failed at the chat@0.0.1 start script 'node src/bin.js'.
23 error Make sure you have the latest version of node.js and npm installed.
23 error If you do, this is most likely a problem with the chat package,
23 error not with npm itself.
23 error Tell the author that this fails on your system:
23 error     node src/bin.js
23 error You can get their info via:
23 error     npm owner ls chat
23 error There is likely additional logging output above.
24 verbose exit [ 1, true ]
